2013/08/22 13:16:22 [error] [system.db.CDbCommand] CDbCommand::fetchAll() failed: SQLSTATE[42S02]: Base table or view not found: 1146 Table 'github_browser.like' doesn't exist. The SQL statement executed was: SHOW FULL COLUMNS FROM `like`.
in /home/jheka/www/github-browser/public_html/index.php (13)
2013/08/22 13:53:45 [error] [exception.CHttpException.404] exception 'CHttpException' with message 'Unable to resolve the request "js/jquery-1.10.2.min.js".' in /home/jheka/www/github-browser/vendor/yiisoft/yii/framework/web/CWebApplication.php:286
Stack trace:
#0 /home/jheka/www/github-browser/vendor/yiisoft/yii/framework/web/CWebApplication.php(141): CWebApplication->runController('js/jquery-1.10....')
#1 /home/jheka/www/github-browser/vendor/yiisoft/yii/framework/base/CApplication.php(180): CWebApplication->processRequest()
#2 /home/jheka/www/github-browser/public_html/index.php(13): CApplication->run()
#3 {main}
REQUEST_URI=/js/jquery-1.10.2.min.js
HTTP_REFERER=http://github-browser.jhekasoft.lan/
---
2013/08/22 13:53:45 [error] [exception.CHttpException.404] exception 'CHttpException' with message 'Unable to resolve the request "js/jquery.placeholder.js".' in /home/jheka/www/github-browser/vendor/yiisoft/yii/framework/web/CWebApplication.php:286
Stack trace:
#0 /home/jheka/www/github-browser/vendor/yiisoft/yii/framework/web/CWebApplication.php(141): CWebApplication->runController('js/jquery.place...')
#1 /home/jheka/www/github-browser/vendor/yiisoft/yii/framework/base/CApplication.php(180): CWebApplication->processRequest()
#2 /home/jheka/www/github-browser/public_html/index.php(13): CApplication->run()
#3 {main}
REQUEST_URI=/js/jquery.placeholder.js
HTTP_REFERER=http://github-browser.jhekasoft.lan/
---
2013/08/22 13:57:10 [error] [exception.CHttpException.404] exception 'CHttpException' with message 'Unable to resolve the request "js/jquery.placeholder.js".' in /home/jheka/www/github-browser/vendor/yiisoft/yii/framework/web/CWebApplication.php:286
Stack trace:
#0 /home/jheka/www/github-browser/vendor/yiisoft/yii/framework/web/CWebApplication.php(141): CWebApplication->runController('js/jquery.place...')
#1 /home/jheka/www/github-browser/vendor/yiisoft/yii/framework/base/CApplication.php(180): CWebApplication->processRequest()
#2 /home/jheka/www/github-browser/public_html/index.php(13): CApplication->run()
#3 {main}
REQUEST_URI=/js/jquery.placeholder.js
HTTP_REFERER=http://github-browser.jhekasoft.lan/
---
2013/08/22 13:57:10 [error] [exception.CHttpException.404] exception 'CHttpException' with message 'Unable to resolve the request "js/jquery-1.10.2.min.js".' in /home/jheka/www/github-browser/vendor/yiisoft/yii/framework/web/CWebApplication.php:286
Stack trace:
#0 /home/jheka/www/github-browser/vendor/yiisoft/yii/framework/web/CWebApplication.php(141): CWebApplication->runController('js/jquery-1.10....')
#1 /home/jheka/www/github-browser/vendor/yiisoft/yii/framework/base/CApplication.php(180): CWebApplication->processRequest()
#2 /home/jheka/www/github-browser/public_html/index.php(13): CApplication->run()
#3 {main}
REQUEST_URI=/js/jquery-1.10.2.min.js
HTTP_REFERER=http://github-browser.jhekasoft.lan/
---
2013/08/22 13:57:11 [error] [exception.CHttpException.404] exception 'CHttpException' with message 'Unable to resolve the request "js/jquery.placeholder.js".' in /home/jheka/www/github-browser/vendor/yiisoft/yii/framework/web/CWebApplication.php:286
Stack trace:
#0 /home/jheka/www/github-browser/vendor/yiisoft/yii/framework/web/CWebApplication.php(141): CWebApplication->runController('js/jquery.place...')
#1 /home/jheka/www/github-browser/vendor/yiisoft/yii/framework/base/CApplication.php(180): CWebApplication->processRequest()
#2 /home/jheka/www/github-browser/public_html/index.php(13): CApplication->run()
#3 {main}
REQUEST_URI=/js/jquery.placeholder.js
HTTP_REFERER=http://github-browser.jhekasoft.lan/
---
2013/08/22 13:57:14 [error] [exception.CHttpException.404] exception 'CHttpException' with message 'Unable to resolve the request "js/jquery-1.10.2.min.js".' in /home/jheka/www/github-browser/vendor/yiisoft/yii/framework/web/CWebApplication.php:286
Stack trace:
#0 /home/jheka/www/github-browser/vendor/yiisoft/yii/framework/web/CWebApplication.php(141): CWebApplication->runController('js/jquery-1.10....')
#1 /home/jheka/www/github-browser/vendor/yiisoft/yii/framework/base/CApplication.php(180): CWebApplication->processRequest()
#2 /home/jheka/www/github-browser/public_html/index.php(13): CApplication->run()
#3 {main}
REQUEST_URI=/js/jquery-1.10.2.min.js
HTTP_REFERER=http://github-browser.jhekasoft.lan/
---
2013/08/22 13:57:14 [error] [exception.CHttpException.404] exception 'CHttpException' with message 'Unable to resolve the request "js/jquery.placeholder.js".' in /home/jheka/www/github-browser/vendor/yiisoft/yii/framework/web/CWebApplication.php:286
Stack trace:
#0 /home/jheka/www/github-browser/vendor/yiisoft/yii/framework/web/CWebApplication.php(141): CWebApplication->runController('js/jquery.place...')
#1 /home/jheka/www/github-browser/vendor/yiisoft/yii/framework/base/CApplication.php(180): CWebApplication->processRequest()
#2 /home/jheka/www/github-browser/public_html/index.php(13): CApplication->run()
#3 {main}
REQUEST_URI=/js/jquery.placeholder.js
HTTP_REFERER=http://github-browser.jhekasoft.lan/
---
2013/08/22 13:59:09 [error] [exception.CHttpException.404] exception 'CHttpException' with message 'Unable to resolve the request "js/jquery.placeholder.js".' in /home/jheka/www/github-browser/vendor/yiisoft/yii/framework/web/CWebApplication.php:286
Stack trace:
#0 /home/jheka/www/github-browser/vendor/yiisoft/yii/framework/web/CWebApplication.php(141): CWebApplication->runController('js/jquery.place...')
#1 /home/jheka/www/github-browser/vendor/yiisoft/yii/framework/base/CApplication.php(180): CWebApplication->processRequest()
#2 /home/jheka/www/github-browser/public_html/index.php(13): CApplication->run()
#3 {main}
REQUEST_URI=/js/jquery.placeholder.js
HTTP_REFERER=http://github-browser.jhekasoft.lan/
---
2013/08/22 13:59:09 [error] [exception.CHttpException.404] exception 'CHttpException' with message 'Unable to resolve the request "js/jquery-1.10.2.min.js".' in /home/jheka/www/github-browser/vendor/yiisoft/yii/framework/web/CWebApplication.php:286
Stack trace:
#0 /home/jheka/www/github-browser/vendor/yiisoft/yii/framework/web/CWebApplication.php(141): CWebApplication->runController('js/jquery-1.10....')
#1 /home/jheka/www/github-browser/vendor/yiisoft/yii/framework/base/CApplication.php(180): CWebApplication->processRequest()
#2 /home/jheka/www/github-browser/public_html/index.php(13): CApplication->run()
#3 {main}
REQUEST_URI=/js/jquery-1.10.2.min.js
HTTP_REFERER=http://github-browser.jhekasoft.lan/
---
2013/08/22 13:59:09 [error] [exception.CHttpException.404] exception 'CHttpException' with message 'Unable to resolve the request "js/jquery.placeholder.js".' in /home/jheka/www/github-browser/vendor/yiisoft/yii/framework/web/CWebApplication.php:286
Stack trace:
#0 /home/jheka/www/github-browser/vendor/yiisoft/yii/framework/web/CWebApplication.php(141): CWebApplication->runController('js/jquery.place...')
#1 /home/jheka/www/github-browser/vendor/yiisoft/yii/framework/base/CApplication.php(180): CWebApplication->processRequest()
#2 /home/jheka/www/github-browser/public_html/index.php(13): CApplication->run()
#3 {main}
REQUEST_URI=/js/jquery.placeholder.js
HTTP_REFERER=http://github-browser.jhekasoft.lan/
---
2013/08/22 14:01:02 [error] [exception.CHttpException.404] exception 'CHttpException' with message 'Unable to resolve the request "js/jquery-1.10.2.min.js".' in /home/jheka/www/github-browser/vendor/yiisoft/yii/framework/web/CWebApplication.php:286
Stack trace:
#0 /home/jheka/www/github-browser/vendor/yiisoft/yii/framework/web/CWebApplication.php(141): CWebApplication->runController('js/jquery-1.10....')
#1 /home/jheka/www/github-browser/vendor/yiisoft/yii/framework/base/CApplication.php(180): CWebApplication->processRequest()
#2 /home/jheka/www/github-browser/public_html/index.php(13): CApplication->run()
#3 {main}
REQUEST_URI=/js/jquery-1.10.2.min.js
HTTP_REFERER=http://github-browser.jhekasoft.lan/
---
2013/08/22 14:01:02 [error] [exception.CHttpException.404] exception 'CHttpException' with message 'Unable to resolve the request "js/jquery.placeholder.js".' in /home/jheka/www/github-browser/vendor/yiisoft/yii/framework/web/CWebApplication.php:286
Stack trace:
#0 /home/jheka/www/github-browser/vendor/yiisoft/yii/framework/web/CWebApplication.php(141): CWebApplication->runController('js/jquery.place...')
#1 /home/jheka/www/github-browser/vendor/yiisoft/yii/framework/base/CApplication.php(180): CWebApplication->processRequest()
#2 /home/jheka/www/github-browser/public_html/index.php(13): CApplication->run()
#3 {main}
REQUEST_URI=/js/jquery.placeholder.js
HTTP_REFERER=http://github-browser.jhekasoft.lan/
---
2013/08/22 14:01:34 [error] [exception.CHttpException.404] exception 'CHttpException' with message 'Unable to resolve the request "js/jquery-1.10.2.min.js".' in /home/jheka/www/github-browser/vendor/yiisoft/yii/framework/web/CWebApplication.php:286
Stack trace:
#0 /home/jheka/www/github-browser/vendor/yiisoft/yii/framework/web/CWebApplication.php(141): CWebApplication->runController('js/jquery-1.10....')
#1 /home/jheka/www/github-browser/vendor/yiisoft/yii/framework/base/CApplication.php(180): CWebApplication->processRequest()
#2 /home/jheka/www/github-browser/public_html/index.php(13): CApplication->run()
#3 {main}
REQUEST_URI=/js/jquery-1.10.2.min.js
HTTP_REFERER=http://github-browser.jhekasoft.lan/
---
2013/08/22 14:01:34 [error] [exception.CHttpException.404] exception 'CHttpException' with message 'Unable to resolve the request "js/jquery.placeholder.js".' in /home/jheka/www/github-browser/vendor/yiisoft/yii/framework/web/CWebApplication.php:286
Stack trace:
#0 /home/jheka/www/github-browser/vendor/yiisoft/yii/framework/web/CWebApplication.php(141): CWebApplication->runController('js/jquery.place...')
#1 /home/jheka/www/github-browser/vendor/yiisoft/yii/framework/base/CApplication.php(180): CWebApplication->processRequest()
#2 /home/jheka/www/github-browser/public_html/index.php(13): CApplication->run()
#3 {main}
REQUEST_URI=/js/jquery.placeholder.js
HTTP_REFERER=http://github-browser.jhekasoft.lan/
---
2013/08/22 14:01:41 [error] [exception.CHttpException.404] exception 'CHttpException' with message 'Unable to resolve the request "index.html".' in /home/jheka/www/github-browser/vendor/yiisoft/yii/framework/web/CWebApplication.php:286
Stack trace:
#0 /home/jheka/www/github-browser/vendor/yiisoft/yii/framework/web/CWebApplication.php(141): CWebApplication->runController('index.html')
#1 /home/jheka/www/github-browser/vendor/yiisoft/yii/framework/base/CApplication.php(180): CWebApplication->processRequest()
#2 /home/jheka/www/github-browser/public_html/index.php(13): CApplication->run()
#3 {main}
REQUEST_URI=/index.html
HTTP_REFERER=http://github-browser.jhekasoft.lan/
---
2013/08/22 14:01:41 [error] [exception.CHttpException.404] exception 'CHttpException' with message 'Unable to resolve the request "js/jquery-1.10.2.min.js".' in /home/jheka/www/github-browser/vendor/yiisoft/yii/framework/web/CWebApplication.php:286
Stack trace:
#0 /home/jheka/www/github-browser/vendor/yiisoft/yii/framework/web/CWebApplication.php(141): CWebApplication->runController('js/jquery-1.10....')
#1 /home/jheka/www/github-browser/vendor/yiisoft/yii/framework/base/CApplication.php(180): CWebApplication->processRequest()
#2 /home/jheka/www/github-browser/public_html/index.php(13): CApplication->run()
#3 {main}
REQUEST_URI=/js/jquery-1.10.2.min.js
HTTP_REFERER=http://github-browser.jhekasoft.lan/index.html
---
2013/08/22 14:01:41 [error] [exception.CHttpException.404] exception 'CHttpException' with message 'Unable to resolve the request "js/jquery.placeholder.js".' in /home/jheka/www/github-browser/vendor/yiisoft/yii/framework/web/CWebApplication.php:286
Stack trace:
#0 /home/jheka/www/github-browser/vendor/yiisoft/yii/framework/web/CWebApplication.php(141): CWebApplication->runController('js/jquery.place...')
#1 /home/jheka/www/github-browser/vendor/yiisoft/yii/framework/base/CApplication.php(180): CWebApplication->processRequest()
#2 /home/jheka/www/github-browser/public_html/index.php(13): CApplication->run()
#3 {main}
REQUEST_URI=/js/jquery.placeholder.js
HTTP_REFERER=http://github-browser.jhekasoft.lan/index.html
---
2013/08/22 14:01:41 [error] [exception.CHttpException.404] exception 'CHttpException' with message 'Unable to resolve the request "js/jquery.placeholder.js".' in /home/jheka/www/github-browser/vendor/yiisoft/yii/framework/web/CWebApplication.php:286
Stack trace:
#0 /home/jheka/www/github-browser/vendor/yiisoft/yii/framework/web/CWebApplication.php(141): CWebApplication->runController('js/jquery.place...')
#1 /home/jheka/www/github-browser/vendor/yiisoft/yii/framework/base/CApplication.php(180): CWebApplication->processRequest()
#2 /home/jheka/www/github-browser/public_html/index.php(13): CApplication->run()
#3 {main}
REQUEST_URI=/js/jquery.placeholder.js
HTTP_REFERER=http://github-browser.jhekasoft.lan/index.html
---
2013/08/22 14:06:51 [error] [exception.CHttpException.404] exception 'CHttpException' with message 'Unable to resolve the request "js/jquery-1.10.2.min.js".' in /home/jheka/www/github-browser/vendor/yiisoft/yii/framework/web/CWebApplication.php:286
Stack trace:
#0 /home/jheka/www/github-browser/vendor/yiisoft/yii/framework/web/CWebApplication.php(141): CWebApplication->runController('js/jquery-1.10....')
#1 /home/jheka/www/github-browser/vendor/yiisoft/yii/framework/base/CApplication.php(180): CWebApplication->processRequest()
#2 /home/jheka/www/github-browser/public_html/index.php(13): CApplication->run()
#3 {main}
REQUEST_URI=/js/jquery-1.10.2.min.js
HTTP_REFERER=http://github-browser.jhekasoft.lan/
---
2013/08/22 14:06:51 [error] [exception.CHttpException.404] exception 'CHttpException' with message 'Unable to resolve the request "js/jquery.placeholder.js".' in /home/jheka/www/github-browser/vendor/yiisoft/yii/framework/web/CWebApplication.php:286
Stack trace:
#0 /home/jheka/www/github-browser/vendor/yiisoft/yii/framework/web/CWebApplication.php(141): CWebApplication->runController('js/jquery.place...')
#1 /home/jheka/www/github-browser/vendor/yiisoft/yii/framework/base/CApplication.php(180): CWebApplication->processRequest()
#2 /home/jheka/www/github-browser/public_html/index.php(13): CApplication->run()
#3 {main}
REQUEST_URI=/js/jquery.placeholder.js
HTTP_REFERER=http://github-browser.jhekasoft.lan/
---
2013/08/22 14:06:51 [error] [exception.CHttpException.404] exception 'CHttpException' with message 'Unable to resolve the request "js/jquery.placeholder.js".' in /home/jheka/www/github-browser/vendor/yiisoft/yii/framework/web/CWebApplication.php:286
Stack trace:
#0 /home/jheka/www/github-browser/vendor/yiisoft/yii/framework/web/CWebApplication.php(141): CWebApplication->runController('js/jquery.place...')
#1 /home/jheka/www/github-browser/vendor/yiisoft/yii/framework/base/CApplication.php(180): CWebApplication->processRequest()
#2 /home/jheka/www/github-browser/public_html/index.php(13): CApplication->run()
#3 {main}
REQUEST_URI=/js/jquery.placeholder.js
HTTP_REFERER=http://github-browser.jhekasoft.lan/
---
2013/08/22 14:07:35 [error] [exception.CHttpException.404] exception 'CHttpException' with message 'Unable to resolve the request "js/jquery-1.10.2.min.js".' in /home/jheka/www/github-browser/vendor/yiisoft/yii/framework/web/CWebApplication.php:286
Stack trace:
#0 /home/jheka/www/github-browser/vendor/yiisoft/yii/framework/web/CWebApplication.php(141): CWebApplication->runController('js/jquery-1.10....')
#1 /home/jheka/www/github-browser/vendor/yiisoft/yii/framework/base/CApplication.php(180): CWebApplication->processRequest()
#2 /home/jheka/www/github-browser/public_html/index.php(13): CApplication->run()
#3 {main}
REQUEST_URI=/js/jquery-1.10.2.min.js
HTTP_REFERER=http://github-browser.jhekasoft.lan/
---
2013/08/22 14:07:35 [error] [exception.CHttpException.404] exception 'CHttpException' with message 'Unable to resolve the request "js/jquery.placeholder.js".' in /home/jheka/www/github-browser/vendor/yiisoft/yii/framework/web/CWebApplication.php:286
Stack trace:
#0 /home/jheka/www/github-browser/vendor/yiisoft/yii/framework/web/CWebApplication.php(141): CWebApplication->runController('js/jquery.place...')
#1 /home/jheka/www/github-browser/vendor/yiisoft/yii/framework/base/CApplication.php(180): CWebApplication->processRequest()
#2 /home/jheka/www/github-browser/public_html/index.php(13): CApplication->run()
#3 {main}
REQUEST_URI=/js/jquery.placeholder.js
HTTP_REFERER=http://github-browser.jhekasoft.lan/
---
2013/08/22 14:10:30 [error] [exception.CHttpException.404] exception 'CHttpException' with message 'Unable to resolve the request "js/jquery-1.10.2.min.js".' in /home/jheka/www/github-browser/vendor/yiisoft/yii/framework/web/CWebApplication.php:286
Stack trace:
#0 /home/jheka/www/github-browser/vendor/yiisoft/yii/framework/web/CWebApplication.php(141): CWebApplication->runController('js/jquery-1.10....')
#1 /home/jheka/www/github-browser/vendor/yiisoft/yii/framework/base/CApplication.php(180): CWebApplication->processRequest()
#2 /home/jheka/www/github-browser/public_html/index.php(13): CApplication->run()
#3 {main}
REQUEST_URI=/js/jquery-1.10.2.min.js
HTTP_REFERER=http://github-browser.jhekasoft.lan/
---
2013/08/22 14:10:30 [error] [exception.CHttpException.404] exception 'CHttpException' with message 'Unable to resolve the request "js/jquery.placeholder.js".' in /home/jheka/www/github-browser/vendor/yiisoft/yii/framework/web/CWebApplication.php:286
Stack trace:
#0 /home/jheka/www/github-browser/vendor/yiisoft/yii/framework/web/CWebApplication.php(141): CWebApplication->runController('js/jquery.place...')
#1 /home/jheka/www/github-browser/vendor/yiisoft/yii/framework/base/CApplication.php(180): CWebApplication->processRequest()
#2 /home/jheka/www/github-browser/public_html/index.php(13): CApplication->run()
#3 {main}
REQUEST_URI=/js/jquery.placeholder.js
HTTP_REFERER=http://github-browser.jhekasoft.lan/
---
2013/08/22 14:16:16 [error] [exception.CHttpException.404] exception 'CHttpException' with message 'Unable to resolve the request "js/jquery-1.10.2.min.js".' in /home/jheka/www/github-browser/vendor/yiisoft/yii/framework/web/CWebApplication.php:286
Stack trace:
#0 /home/jheka/www/github-browser/vendor/yiisoft/yii/framework/web/CWebApplication.php(141): CWebApplication->runController('js/jquery-1.10....')
#1 /home/jheka/www/github-browser/vendor/yiisoft/yii/framework/base/CApplication.php(180): CWebApplication->processRequest()
#2 /home/jheka/www/github-browser/public_html/index.php(13): CApplication->run()
#3 {main}
REQUEST_URI=/js/jquery-1.10.2.min.js
HTTP_REFERER=http://github-browser.jhekasoft.lan/
---
2013/08/22 14:16:16 [error] [exception.CHttpException.404] exception 'CHttpException' with message 'Unable to resolve the request "js/jquery.placeholder.js".' in /home/jheka/www/github-browser/vendor/yiisoft/yii/framework/web/CWebApplication.php:286
Stack trace:
#0 /home/jheka/www/github-browser/vendor/yiisoft/yii/framework/web/CWebApplication.php(141): CWebApplication->runController('js/jquery.place...')
#1 /home/jheka/www/github-browser/vendor/yiisoft/yii/framework/base/CApplication.php(180): CWebApplication->processRequest()
#2 /home/jheka/www/github-browser/public_html/index.php(13): CApplication->run()
#3 {main}
REQUEST_URI=/js/jquery.placeholder.js
HTTP_REFERER=http://github-browser.jhekasoft.lan/
---
2013/08/22 14:16:16 [error] [exception.CHttpException.404] exception 'CHttpException' with message 'Unable to resolve the request "js/jquery.placeholder.js".' in /home/jheka/www/github-browser/vendor/yiisoft/yii/framework/web/CWebApplication.php:286
Stack trace:
#0 /home/jheka/www/github-browser/vendor/yiisoft/yii/framework/web/CWebApplication.php(141): CWebApplication->runController('js/jquery.place...')
#1 /home/jheka/www/github-browser/vendor/yiisoft/yii/framework/base/CApplication.php(180): CWebApplication->processRequest()
#2 /home/jheka/www/github-browser/public_html/index.php(13): CApplication->run()
#3 {main}
REQUEST_URI=/js/jquery.placeholder.js
HTTP_REFERER=http://github-browser.jhekasoft.lan/
---
2013/08/22 14:17:27 [error] [exception.CHttpException.404] exception 'CHttpException' with message 'Unable to resolve the request "js/jquery-1.10.2.min.js".' in /home/jheka/www/github-browser/vendor/yiisoft/yii/framework/web/CWebApplication.php:286
Stack trace:
#0 /home/jheka/www/github-browser/vendor/yiisoft/yii/framework/web/CWebApplication.php(141): CWebApplication->runController('js/jquery-1.10....')
#1 /home/jheka/www/github-browser/vendor/yiisoft/yii/framework/base/CApplication.php(180): CWebApplication->processRequest()
#2 /home/jheka/www/github-browser/public_html/index.php(13): CApplication->run()
#3 {main}
REQUEST_URI=/js/jquery-1.10.2.min.js
HTTP_REFERER=http://github-browser.jhekasoft.lan/
---
2013/08/22 14:17:27 [error] [exception.CHttpException.404] exception 'CHttpException' with message 'Unable to resolve the request "js/jquery.placeholder.js".' in /home/jheka/www/github-browser/vendor/yiisoft/yii/framework/web/CWebApplication.php:286
Stack trace:
#0 /home/jheka/www/github-browser/vendor/yiisoft/yii/framework/web/CWebApplication.php(141): CWebApplication->runController('js/jquery.place...')
#1 /home/jheka/www/github-browser/vendor/yiisoft/yii/framework/base/CApplication.php(180): CWebApplication->processRequest()
#2 /home/jheka/www/github-browser/public_html/index.php(13): CApplication->run()
#3 {main}
REQUEST_URI=/js/jquery.placeholder.js
HTTP_REFERER=http://github-browser.jhekasoft.lan/
---
2013/08/22 14:17:47 [error] [exception.CHttpException.404] exception 'CHttpException' with message 'Unable to resolve the request "js/jquery-1.10.2.min.js".' in /home/jheka/www/github-browser/vendor/yiisoft/yii/framework/web/CWebApplication.php:286
Stack trace:
#0 /home/jheka/www/github-browser/vendor/yiisoft/yii/framework/web/CWebApplication.php(141): CWebApplication->runController('js/jquery-1.10....')
#1 /home/jheka/www/github-browser/vendor/yiisoft/yii/framework/base/CApplication.php(180): CWebApplication->processRequest()
#2 /home/jheka/www/github-browser/public_html/index.php(13): CApplication->run()
#3 {main}
REQUEST_URI=/js/jquery-1.10.2.min.js
HTTP_REFERER=http://github-browser.jhekasoft.lan/
---
2013/08/22 14:17:47 [error] [exception.CHttpException.404] exception 'CHttpException' with message 'Unable to resolve the request "js/jquery.placeholder.js".' in /home/jheka/www/github-browser/vendor/yiisoft/yii/framework/web/CWebApplication.php:286
Stack trace:
#0 /home/jheka/www/github-browser/vendor/yiisoft/yii/framework/web/CWebApplication.php(141): CWebApplication->runController('js/jquery.place...')
#1 /home/jheka/www/github-browser/vendor/yiisoft/yii/framework/base/CApplication.php(180): CWebApplication->processRequest()
#2 /home/jheka/www/github-browser/public_html/index.php(13): CApplication->run()
#3 {main}
REQUEST_URI=/js/jquery.placeholder.js
HTTP_REFERER=http://github-browser.jhekasoft.lan/
---
2013/08/22 14:17:48 [error] [exception.CHttpException.404] exception 'CHttpException' with message 'Unable to resolve the request "js/jquery.placeholder.js".' in /home/jheka/www/github-browser/vendor/yiisoft/yii/framework/web/CWebApplication.php:286
Stack trace:
#0 /home/jheka/www/github-browser/vendor/yiisoft/yii/framework/web/CWebApplication.php(141): CWebApplication->runController('js/jquery.place...')
#1 /home/jheka/www/github-browser/vendor/yiisoft/yii/framework/base/CApplication.php(180): CWebApplication->processRequest()
#2 /home/jheka/www/github-browser/public_html/index.php(13): CApplication->run()
#3 {main}
REQUEST_URI=/js/jquery.placeholder.js
HTTP_REFERER=http://github-browser.jhekasoft.lan/
---
2013/08/22 14:17:56 [error] [exception.CHttpException.404] exception 'CHttpException' with message 'Unable to resolve the request "js/jquery-1.10.2.min.js".' in /home/jheka/www/github-browser/vendor/yiisoft/yii/framework/web/CWebApplication.php:286
Stack trace:
#0 /home/jheka/www/github-browser/vendor/yiisoft/yii/framework/web/CWebApplication.php(141): CWebApplication->runController('js/jquery-1.10....')
#1 /home/jheka/www/github-browser/vendor/yiisoft/yii/framework/base/CApplication.php(180): CWebApplication->processRequest()
#2 /home/jheka/www/github-browser/public_html/index.php(13): CApplication->run()
#3 {main}
REQUEST_URI=/js/jquery-1.10.2.min.js
HTTP_REFERER=http://github-browser.jhekasoft.lan/
---
2013/08/22 14:17:56 [error] [exception.CHttpException.404] exception 'CHttpException' with message 'Unable to resolve the request "js/jquery.placeholder.js".' in /home/jheka/www/github-browser/vendor/yiisoft/yii/framework/web/CWebApplication.php:286
Stack trace:
#0 /home/jheka/www/github-browser/vendor/yiisoft/yii/framework/web/CWebApplication.php(141): CWebApplication->runController('js/jquery.place...')
#1 /home/jheka/www/github-browser/vendor/yiisoft/yii/framework/base/CApplication.php(180): CWebApplication->processRequest()
#2 /home/jheka/www/github-browser/public_html/index.php(13): CApplication->run()
#3 {main}
REQUEST_URI=/js/jquery.placeholder.js
HTTP_REFERER=http://github-browser.jhekasoft.lan/
---
2013/08/22 14:18:01 [error] [exception.CHttpException.404] exception 'CHttpException' with message 'Unable to resolve the request "js/jquery-1.10.2.min.js".' in /home/jheka/www/github-browser/vendor/yiisoft/yii/framework/web/CWebApplication.php:286
Stack trace:
#0 /home/jheka/www/github-browser/vendor/yiisoft/yii/framework/web/CWebApplication.php(141): CWebApplication->runController('js/jquery-1.10....')
#1 /home/jheka/www/github-browser/vendor/yiisoft/yii/framework/base/CApplication.php(180): CWebApplication->processRequest()
#2 /home/jheka/www/github-browser/public_html/index.php(13): CApplication->run()
#3 {main}
REQUEST_URI=/js/jquery-1.10.2.min.js
HTTP_REFERER=http://github-browser.jhekasoft.lan/
---
2013/08/22 14:18:01 [error] [exception.CHttpException.404] exception 'CHttpException' with message 'Unable to resolve the request "js/jquery.placeholder.js".' in /home/jheka/www/github-browser/vendor/yiisoft/yii/framework/web/CWebApplication.php:286
Stack trace:
#0 /home/jheka/www/github-browser/vendor/yiisoft/yii/framework/web/CWebApplication.php(141): CWebApplication->runController('js/jquery.place...')
#1 /home/jheka/www/github-browser/vendor/yiisoft/yii/framework/base/CApplication.php(180): CWebApplication->processRequest()
#2 /home/jheka/www/github-browser/public_html/index.php(13): CApplication->run()
#3 {main}
REQUEST_URI=/js/jquery.placeholder.js
HTTP_REFERER=http://github-browser.jhekasoft.lan/
---
2013/08/22 14:18:01 [error] [exception.CHttpException.404] exception 'CHttpException' with message 'Unable to resolve the request "js/jquery.placeholder.js".' in /home/jheka/www/github-browser/vendor/yiisoft/yii/framework/web/CWebApplication.php:286
Stack trace:
#0 /home/jheka/www/github-browser/vendor/yiisoft/yii/framework/web/CWebApplication.php(141): CWebApplication->runController('js/jquery.place...')
#1 /home/jheka/www/github-browser/vendor/yiisoft/yii/framework/base/CApplication.php(180): CWebApplication->processRequest()
#2 /home/jheka/www/github-browser/public_html/index.php(13): CApplication->run()
#3 {main}
REQUEST_URI=/js/jquery.placeholder.js
HTTP_REFERER=http://github-browser.jhekasoft.lan/
---
2013/08/22 14:18:07 [error] [exception.CHttpException.404] exception 'CHttpException' with message 'Unable to resolve the request "contacts".' in /home/jheka/www/github-browser/vendor/yiisoft/yii/framework/web/CWebApplication.php:286
Stack trace:
#0 /home/jheka/www/github-browser/vendor/yiisoft/yii/framework/web/CWebApplication.php(141): CWebApplication->runController('contacts')
#1 /home/jheka/www/github-browser/vendor/yiisoft/yii/framework/base/CApplication.php(180): CWebApplication->processRequest()
#2 /home/jheka/www/github-browser/public_html/index.php(13): CApplication->run()
#3 {main}
REQUEST_URI=/contacts
---
2013/08/22 14:18:07 [error] [exception.CHttpException.404] exception 'CHttpException' with message 'Unable to resolve the request "js/jquery-1.10.2.min.js".' in /home/jheka/www/github-browser/vendor/yiisoft/yii/framework/web/CWebApplication.php:286
Stack trace:
#0 /home/jheka/www/github-browser/vendor/yiisoft/yii/framework/web/CWebApplication.php(141): CWebApplication->runController('js/jquery-1.10....')
#1 /home/jheka/www/github-browser/vendor/yiisoft/yii/framework/base/CApplication.php(180): CWebApplication->processRequest()
#2 /home/jheka/www/github-browser/public_html/index.php(13): CApplication->run()
#3 {main}
REQUEST_URI=/js/jquery-1.10.2.min.js
HTTP_REFERER=http://github-browser.jhekasoft.lan/contacts
---
2013/08/22 14:18:07 [error] [exception.CHttpException.404] exception 'CHttpException' with message 'Unable to resolve the request "js/jquery.placeholder.js".' in /home/jheka/www/github-browser/vendor/yiisoft/yii/framework/web/CWebApplication.php:286
Stack trace:
#0 /home/jheka/www/github-browser/vendor/yiisoft/yii/framework/web/CWebApplication.php(141): CWebApplication->runController('js/jquery.place...')
#1 /home/jheka/www/github-browser/vendor/yiisoft/yii/framework/base/CApplication.php(180): CWebApplication->processRequest()
#2 /home/jheka/www/github-browser/public_html/index.php(13): CApplication->run()
#3 {main}
REQUEST_URI=/js/jquery.placeholder.js
HTTP_REFERER=http://github-browser.jhekasoft.lan/contacts
---
2013/08/22 14:18:31 [error] [exception.CHttpException.404] exception 'CHttpException' with message 'Unable to resolve the request "js/jquery-1.10.2.min.js".' in /home/jheka/www/github-browser/vendor/yiisoft/yii/framework/web/CWebApplication.php:286
Stack trace:
#0 /home/jheka/www/github-browser/vendor/yiisoft/yii/framework/web/CWebApplication.php(141): CWebApplication->runController('js/jquery-1.10....')
#1 /home/jheka/www/github-browser/vendor/yiisoft/yii/framework/base/CApplication.php(180): CWebApplication->processRequest()
#2 /home/jheka/www/github-browser/public_html/index.php(13): CApplication->run()
#3 {main}
REQUEST_URI=/js/jquery-1.10.2.min.js
HTTP_REFERER=http://github-browser.jhekasoft.lan/site/contact
---
2013/08/22 14:18:31 [error] [exception.CHttpException.404] exception 'CHttpException' with message 'Unable to resolve the request "js/jquery.placeholder.js".' in /home/jheka/www/github-browser/vendor/yiisoft/yii/framework/web/CWebApplication.php:286
Stack trace:
#0 /home/jheka/www/github-browser/vendor/yiisoft/yii/framework/web/CWebApplication.php(141): CWebApplication->runController('js/jquery.place...')
#1 /home/jheka/www/github-browser/vendor/yiisoft/yii/framework/base/CApplication.php(180): CWebApplication->processRequest()
#2 /home/jheka/www/github-browser/public_html/index.php(13): CApplication->run()
#3 {main}
REQUEST_URI=/js/jquery.placeholder.js
HTTP_REFERER=http://github-browser.jhekasoft.lan/site/contact
---
2013/08/22 14:18:31 [error] [exception.CHttpException.404] exception 'CHttpException' with message 'Unable to resolve the request "js/jquery-1.10.2.min.js".' in /home/jheka/www/github-browser/vendor/yiisoft/yii/framework/web/CWebApplication.php:286
Stack trace:
#0 /home/jheka/www/github-browser/vendor/yiisoft/yii/framework/web/CWebApplication.php(141): CWebApplication->runController('js/jquery-1.10....')
#1 /home/jheka/www/github-browser/vendor/yiisoft/yii/framework/base/CApplication.php(180): CWebApplication->processRequest()
#2 /home/jheka/www/github-browser/public_html/index.php(13): CApplication->run()
#3 {main}
REQUEST_URI=/js/jquery-1.10.2.min.js
HTTP_REFERER=http://github-browser.jhekasoft.lan/site/contact
---
2013/08/22 14:18:31 [error] [exception.CHttpException.404] exception 'CHttpException' with message 'Unable to resolve the request "js/jquery.placeholder.js".' in /home/jheka/www/github-browser/vendor/yiisoft/yii/framework/web/CWebApplication.php:286
Stack trace:
#0 /home/jheka/www/github-browser/vendor/yiisoft/yii/framework/web/CWebApplication.php(141): CWebApplication->runController('js/jquery.place...')
#1 /home/jheka/www/github-browser/vendor/yiisoft/yii/framework/base/CApplication.php(180): CWebApplication->processRequest()
#2 /home/jheka/www/github-browser/public_html/index.php(13): CApplication->run()
#3 {main}
REQUEST_URI=/js/jquery.placeholder.js
HTTP_REFERER=http://github-browser.jhekasoft.lan/site/contact
---
2013/08/22 14:18:45 [error] [exception.CHttpException.404] exception 'CHttpException' with message 'Unable to resolve the request "js/jquery-1.10.2.min.js".' in /home/jheka/www/github-browser/vendor/yiisoft/yii/framework/web/CWebApplication.php:286
Stack trace:
#0 /home/jheka/www/github-browser/vendor/yiisoft/yii/framework/web/CWebApplication.php(141): CWebApplication->runController('js/jquery-1.10....')
#1 /home/jheka/www/github-browser/vendor/yiisoft/yii/framework/base/CApplication.php(180): CWebApplication->processRequest()
#2 /home/jheka/www/github-browser/public_html/index.php(13): CApplication->run()
#3 {main}
REQUEST_URI=/js/jquery-1.10.2.min.js
HTTP_REFERER=http://github-browser.jhekasoft.lan/site/contact
---
2013/08/22 14:18:45 [error] [exception.CHttpException.404] exception 'CHttpException' with message 'Unable to resolve the request "js/jquery.placeholder.js".' in /home/jheka/www/github-browser/vendor/yiisoft/yii/framework/web/CWebApplication.php:286
Stack trace:
#0 /home/jheka/www/github-browser/vendor/yiisoft/yii/framework/web/CWebApplication.php(141): CWebApplication->runController('js/jquery.place...')
#1 /home/jheka/www/github-browser/vendor/yiisoft/yii/framework/base/CApplication.php(180): CWebApplication->processRequest()
#2 /home/jheka/www/github-browser/public_html/index.php(13): CApplication->run()
#3 {main}
REQUEST_URI=/js/jquery.placeholder.js
HTTP_REFERER=http://github-browser.jhekasoft.lan/site/contact
---
2013/08/22 14:18:45 [error] [exception.CHttpException.404] exception 'CHttpException' with message 'Unable to resolve the request "js/jquery.placeholder.js".' in /home/jheka/www/github-browser/vendor/yiisoft/yii/framework/web/CWebApplication.php:286
Stack trace:
#0 /home/jheka/www/github-browser/vendor/yiisoft/yii/framework/web/CWebApplication.php(141): CWebApplication->runController('js/jquery.place...')
#1 /home/jheka/www/github-browser/vendor/yiisoft/yii/framework/base/CApplication.php(180): CWebApplication->processRequest()
#2 /home/jheka/www/github-browser/public_html/index.php(13): CApplication->run()
#3 {main}
REQUEST_URI=/js/jquery.placeholder.js
HTTP_REFERER=http://github-browser.jhekasoft.lan/site/contact
---
2013/08/22 14:18:48 [error] [exception.CHttpException.404] exception 'CHttpException' with message 'Unable to resolve the request "js/jquery-1.10.2.min.js".' in /home/jheka/www/github-browser/vendor/yiisoft/yii/framework/web/CWebApplication.php:286
Stack trace:
#0 /home/jheka/www/github-browser/vendor/yiisoft/yii/framework/web/CWebApplication.php(141): CWebApplication->runController('js/jquery-1.10....')
#1 /home/jheka/www/github-browser/vendor/yiisoft/yii/framework/base/CApplication.php(180): CWebApplication->processRequest()
#2 /home/jheka/www/github-browser/public_html/index.php(13): CApplication->run()
#3 {main}
REQUEST_URI=/js/jquery-1.10.2.min.js
HTTP_REFERER=http://github-browser.jhekasoft.lan/site/contact
---
2013/08/22 14:18:48 [error] [exception.CHttpException.404] exception 'CHttpException' with message 'Unable to resolve the request "js/jquery.placeholder.js".' in /home/jheka/www/github-browser/vendor/yiisoft/yii/framework/web/CWebApplication.php:286
Stack trace:
#0 /home/jheka/www/github-browser/vendor/yiisoft/yii/framework/web/CWebApplication.php(141): CWebApplication->runController('js/jquery.place...')
#1 /home/jheka/www/github-browser/vendor/yiisoft/yii/framework/base/CApplication.php(180): CWebApplication->processRequest()
#2 /home/jheka/www/github-browser/public_html/index.php(13): CApplication->run()
#3 {main}
REQUEST_URI=/js/jquery.placeholder.js
HTTP_REFERER=http://github-browser.jhekasoft.lan/site/contact
---
2013/08/22 14:18:48 [error] [exception.CHttpException.404] exception 'CHttpException' with message 'Unable to resolve the request "js/jquery.placeholder.js".' in /home/jheka/www/github-browser/vendor/yiisoft/yii/framework/web/CWebApplication.php:286
Stack trace:
#0 /home/jheka/www/github-browser/vendor/yiisoft/yii/framework/web/CWebApplication.php(141): CWebApplication->runController('js/jquery.place...')
#1 /home/jheka/www/github-browser/vendor/yiisoft/yii/framework/base/CApplication.php(180): CWebApplication->processRequest()
#2 /home/jheka/www/github-browser/public_html/index.php(13): CApplication->run()
#3 {main}
REQUEST_URI=/js/jquery.placeholder.js
HTTP_REFERER=http://github-browser.jhekasoft.lan/site/contact
---
2013/08/22 14:18:57 [error] [exception.CHttpException.404] exception 'CHttpException' with message 'Unable to resolve the request "js/jquery-1.10.2.min.js".' in /home/jheka/www/github-browser/vendor/yiisoft/yii/framework/web/CWebApplication.php:286
Stack trace:
#0 /home/jheka/www/github-browser/vendor/yiisoft/yii/framework/web/CWebApplication.php(141): CWebApplication->runController('js/jquery-1.10....')
#1 /home/jheka/www/github-browser/vendor/yiisoft/yii/framework/base/CApplication.php(180): CWebApplication->processRequest()
#2 /home/jheka/www/github-browser/public_html/index.php(13): CApplication->run()
#3 {main}
REQUEST_URI=/js/jquery-1.10.2.min.js
HTTP_REFERER=http://github-browser.jhekasoft.lan/site/contact
---
2013/08/22 14:18:57 [error] [exception.CHttpException.404] exception 'CHttpException' with message 'Unable to resolve the request "js/jquery.placeholder.js".' in /home/jheka/www/github-browser/vendor/yiisoft/yii/framework/web/CWebApplication.php:286
Stack trace:
#0 /home/jheka/www/github-browser/vendor/yiisoft/yii/framework/web/CWebApplication.php(141): CWebApplication->runController('js/jquery.place...')
#1 /home/jheka/www/github-browser/vendor/yiisoft/yii/framework/base/CApplication.php(180): CWebApplication->processRequest()
#2 /home/jheka/www/github-browser/public_html/index.php(13): CApplication->run()
#3 {main}
REQUEST_URI=/js/jquery.placeholder.js
HTTP_REFERER=http://github-browser.jhekasoft.lan/site/contact
---
2013/08/22 14:19:00 [error] [exception.CHttpException.404] exception 'CHttpException' with message 'Unable to resolve the request "js/jquery.placeholder.js".' in /home/jheka/www/github-browser/vendor/yiisoft/yii/framework/web/CWebApplication.php:286
Stack trace:
#0 /home/jheka/www/github-browser/vendor/yiisoft/yii/framework/web/CWebApplication.php(141): CWebApplication->runController('js/jquery.place...')
#1 /home/jheka/www/github-browser/vendor/yiisoft/yii/framework/base/CApplication.php(180): CWebApplication->processRequest()
#2 /home/jheka/www/github-browser/public_html/index.php(13): CApplication->run()
#3 {main}
REQUEST_URI=/js/jquery.placeholder.js
HTTP_REFERER=http://github-browser.jhekasoft.lan/site/index
---
2013/08/22 14:19:00 [error] [exception.CHttpException.404] exception 'CHttpException' with message 'Unable to resolve the request "js/jquery-1.10.2.min.js".' in /home/jheka/www/github-browser/vendor/yiisoft/yii/framework/web/CWebApplication.php:286
Stack trace:
#0 /home/jheka/www/github-browser/vendor/yiisoft/yii/framework/web/CWebApplication.php(141): CWebApplication->runController('js/jquery-1.10....')
#1 /home/jheka/www/github-browser/vendor/yiisoft/yii/framework/base/CApplication.php(180): CWebApplication->processRequest()
#2 /home/jheka/www/github-browser/public_html/index.php(13): CApplication->run()
#3 {main}
REQUEST_URI=/js/jquery-1.10.2.min.js
HTTP_REFERER=http://github-browser.jhekasoft.lan/site/index
---
2013/08/22 14:19:00 [error] [exception.CHttpException.404] exception 'CHttpException' with message 'The system is unable to find the requested action "images".' in /home/jheka/www/github-browser/vendor/yiisoft/yii/framework/web/CController.php:483
Stack trace:
#0 /home/jheka/www/github-browser/vendor/yiisoft/yii/framework/web/CController.php(270): CController->missingAction('images')
#1 /home/jheka/www/github-browser/vendor/yiisoft/yii/framework/web/CWebApplication.php(282): CController->run('images')
#2 /home/jheka/www/github-browser/vendor/yiisoft/yii/framework/web/CWebApplication.php(141): CWebApplication->runController('site/images/loa...')
#3 /home/jheka/www/github-browser/vendor/yiisoft/yii/framework/base/CApplication.php(180): CWebApplication->processRequest()
#4 /home/jheka/www/github-browser/public_html/index.php(13): CApplication->run()
#5 {main}
REQUEST_URI=/site/images/load-icon.gif
HTTP_REFERER=http://github-browser.jhekasoft.lan/site/index
---
2013/08/22 14:20:52 [error] [exception.CHttpException.404] exception 'CHttpException' with message 'Unable to resolve the request "js/jquery-1.10.2.min.js".' in /home/jheka/www/github-browser/vendor/yiisoft/yii/framework/web/CWebApplication.php:286
Stack trace:
#0 /home/jheka/www/github-browser/vendor/yiisoft/yii/framework/web/CWebApplication.php(141): CWebApplication->runController('js/jquery-1.10....')
#1 /home/jheka/www/github-browser/vendor/yiisoft/yii/framework/base/CApplication.php(180): CWebApplication->processRequest()
#2 /home/jheka/www/github-browser/public_html/index.php(13): CApplication->run()
#3 {main}
REQUEST_URI=/js/jquery-1.10.2.min.js
HTTP_REFERER=http://github-browser.jhekasoft.lan/site/index
---
2013/08/22 14:20:52 [error] [exception.CHttpException.404] exception 'CHttpException' with message 'Unable to resolve the request "js/jquery.placeholder.js".' in /home/jheka/www/github-browser/vendor/yiisoft/yii/framework/web/CWebApplication.php:286
Stack trace:
#0 /home/jheka/www/github-browser/vendor/yiisoft/yii/framework/web/CWebApplication.php(141): CWebApplication->runController('js/jquery.place...')
#1 /home/jheka/www/github-browser/vendor/yiisoft/yii/framework/base/CApplication.php(180): CWebApplication->processRequest()
#2 /home/jheka/www/github-browser/public_html/index.php(13): CApplication->run()
#3 {main}
REQUEST_URI=/js/jquery.placeholder.js
HTTP_REFERER=http://github-browser.jhekasoft.lan/site/index
---
2013/08/22 14:20:52 [error] [exception.CHttpException.404] exception 'CHttpException' with message 'The system is unable to find the requested action "images".' in /home/jheka/www/github-browser/vendor/yiisoft/yii/framework/web/CController.php:483
Stack trace:
#0 /home/jheka/www/github-browser/vendor/yiisoft/yii/framework/web/CController.php(270): CController->missingAction('images')
#1 /home/jheka/www/github-browser/vendor/yiisoft/yii/framework/web/CWebApplication.php(282): CController->run('images')
#2 /home/jheka/www/github-browser/vendor/yiisoft/yii/framework/web/CWebApplication.php(141): CWebApplication->runController('site/images/loa...')
#3 /home/jheka/www/github-browser/vendor/yiisoft/yii/framework/base/CApplication.php(180): CWebApplication->processRequest()
#4 /home/jheka/www/github-browser/public_html/index.php(13): CApplication->run()
#5 {main}
REQUEST_URI=/site/images/load-icon.gif
HTTP_REFERER=http://github-browser.jhekasoft.lan/site/index
---
2013/08/22 14:20:57 [error] [exception.CHttpException.404] exception 'CHttpException' with message 'Unable to resolve the request "js/jquery-1.10.2.min.js".' in /home/jheka/www/github-browser/vendor/yiisoft/yii/framework/web/CWebApplication.php:286
Stack trace:
#0 /home/jheka/www/github-browser/vendor/yiisoft/yii/framework/web/CWebApplication.php(141): CWebApplication->runController('js/jquery-1.10....')
#1 /home/jheka/www/github-browser/vendor/yiisoft/yii/framework/base/CApplication.php(180): CWebApplication->processRequest()
#2 /home/jheka/www/github-browser/public_html/index.php(13): CApplication->run()
#3 {main}
REQUEST_URI=/js/jquery-1.10.2.min.js
HTTP_REFERER=http://github-browser.jhekasoft.lan/
---
2013/08/22 14:20:57 [error] [exception.CHttpException.404] exception 'CHttpException' with message 'Unable to resolve the request "js/jquery.placeholder.js".' in /home/jheka/www/github-browser/vendor/yiisoft/yii/framework/web/CWebApplication.php:286
Stack trace:
#0 /home/jheka/www/github-browser/vendor/yiisoft/yii/framework/web/CWebApplication.php(141): CWebApplication->runController('js/jquery.place...')
#1 /home/jheka/www/github-browser/vendor/yiisoft/yii/framework/base/CApplication.php(180): CWebApplication->processRequest()
#2 /home/jheka/www/github-browser/public_html/index.php(13): CApplication->run()
#3 {main}
REQUEST_URI=/js/jquery.placeholder.js
HTTP_REFERER=http://github-browser.jhekasoft.lan/
---
2013/08/22 14:21:12 [error] [exception.CHttpException.404] exception 'CHttpException' with message 'Unable to resolve the request "js/jquery-1.10.2.min.js".' in /home/jheka/www/github-browser/vendor/yiisoft/yii/framework/web/CWebApplication.php:286
Stack trace:
#0 /home/jheka/www/github-browser/vendor/yiisoft/yii/framework/web/CWebApplication.php(141): CWebApplication->runController('js/jquery-1.10....')
#1 /home/jheka/www/github-browser/vendor/yiisoft/yii/framework/base/CApplication.php(180): CWebApplication->processRequest()
#2 /home/jheka/www/github-browser/public_html/index.php(13): CApplication->run()
#3 {main}
REQUEST_URI=/js/jquery-1.10.2.min.js
HTTP_REFERER=http://github-browser.jhekasoft.lan/site/contact
---
2013/08/22 14:21:12 [error] [exception.CHttpException.404] exception 'CHttpException' with message 'Unable to resolve the request "js/jquery.placeholder.js".' in /home/jheka/www/github-browser/vendor/yiisoft/yii/framework/web/CWebApplication.php:286
Stack trace:
#0 /home/jheka/www/github-browser/vendor/yiisoft/yii/framework/web/CWebApplication.php(141): CWebApplication->runController('js/jquery.place...')
#1 /home/jheka/www/github-browser/vendor/yiisoft/yii/framework/base/CApplication.php(180): CWebApplication->processRequest()
#2 /home/jheka/www/github-browser/public_html/index.php(13): CApplication->run()
#3 {main}
REQUEST_URI=/js/jquery.placeholder.js
HTTP_REFERER=http://github-browser.jhekasoft.lan/site/contact
---
2013/08/22 14:21:13 [error] [exception.CHttpException.404] exception 'CHttpException' with message 'Unable to resolve the request "js/jquery.placeholder.js".' in /home/jheka/www/github-browser/vendor/yiisoft/yii/framework/web/CWebApplication.php:286
Stack trace:
#0 /home/jheka/www/github-browser/vendor/yiisoft/yii/framework/web/CWebApplication.php(141): CWebApplication->runController('js/jquery.place...')
#1 /home/jheka/www/github-browser/vendor/yiisoft/yii/framework/base/CApplication.php(180): CWebApplication->processRequest()
#2 /home/jheka/www/github-browser/public_html/index.php(13): CApplication->run()
#3 {main}
REQUEST_URI=/js/jquery.placeholder.js
HTTP_REFERER=http://github-browser.jhekasoft.lan/site/contact
---
2013/08/22 14:21:14 [error] [exception.CHttpException.404] exception 'CHttpException' with message 'Unable to resolve the request "js/jquery-1.10.2.min.js".' in /home/jheka/www/github-browser/vendor/yiisoft/yii/framework/web/CWebApplication.php:286
Stack trace:
#0 /home/jheka/www/github-browser/vendor/yiisoft/yii/framework/web/CWebApplication.php(141): CWebApplication->runController('js/jquery-1.10....')
#1 /home/jheka/www/github-browser/vendor/yiisoft/yii/framework/base/CApplication.php(180): CWebApplication->processRequest()
#2 /home/jheka/www/github-browser/public_html/index.php(13): CApplication->run()
#3 {main}
REQUEST_URI=/js/jquery-1.10.2.min.js
HTTP_REFERER=http://github-browser.jhekasoft.lan/
---
2013/08/22 14:21:14 [error] [exception.CHttpException.404] exception 'CHttpException' with message 'Unable to resolve the request "js/jquery.placeholder.js".' in /home/jheka/www/github-browser/vendor/yiisoft/yii/framework/web/CWebApplication.php:286
Stack trace:
#0 /home/jheka/www/github-browser/vendor/yiisoft/yii/framework/web/CWebApplication.php(141): CWebApplication->runController('js/jquery.place...')
#1 /home/jheka/www/github-browser/vendor/yiisoft/yii/framework/base/CApplication.php(180): CWebApplication->processRequest()
#2 /home/jheka/www/github-browser/public_html/index.php(13): CApplication->run()
#3 {main}
REQUEST_URI=/js/jquery.placeholder.js
HTTP_REFERER=http://github-browser.jhekasoft.lan/
---
